<?xml version="1.0" encoding="UTF-8"?>
<testsuite xmlns:xsi="http://www.w3.org/2001/XMLSchema-instance" xsi:noNamespaceSchemaLocation="https://maven.apache.org/surefire/maven-surefire-plugin/xsd/surefire-test-report-3.0.xsd" version="3.0" name="TestSuite" time="93.981" tests="25" errors="0" skipped="0" failures="11">
  <properties>
    <property name="sun.desktop" value="windows"/>
    <property name="awt.toolkit" value="sun.awt.windows.WToolkit"/>
    <property name="file.encoding.pkg" value="sun.io"/>
    <property name="java.specification.version" value="1.8"/>
    <property name="sun.cpu.isalist" value="amd64"/>
    <property name="sun.jnu.encoding" value="Cp1252"/>
    <property name="java.class.path" value="C:\Users\Ankita Rao\Desktop\ReqResTesting\target\test-classes;C:\Users\Ankita Rao\Desktop\ReqResTesting\target\classes;C:\Users\Ankita Rao\.m2\repository\io\rest-assured\rest-assured\4.3.3\rest-assured-4.3.3.jar;C:\Users\Ankita Rao\.m2\repository\org\codehaus\groovy\groovy\3.0.7\groovy-3.0.7.jar;C:\Users\Ankita Rao\.m2\repository\org\codehaus\groovy\groovy-xml\3.0.7\groovy-xml-3.0.7.jar;C:\Users\Ankita Rao\.m2\repository\org\apache\httpcomponents\httpclient\4.5.3\httpclient-4.5.3.jar;C:\Users\Ankita Rao\.m2\repository\org\apache\httpcomponents\httpcore\4.4.6\httpcore-4.4.6.jar;C:\Users\Ankita Rao\.m2\repository\commons-logging\commons-logging\1.2\commons-logging-1.2.jar;C:\Users\Ankita Rao\.m2\repository\commons-codec\commons-codec\1.9\commons-codec-1.9.jar;C:\Users\Ankita Rao\.m2\repository\org\apache\httpcomponents\httpmime\4.5.3\httpmime-4.5.3.jar;C:\Users\Ankita Rao\.m2\repository\org\hamcrest\hamcrest\2.1\hamcrest-2.1.jar;C:\Users\Ankita Rao\.m2\repository\org\ccil\cowan\tagsoup\tagsoup\1.2.1\tagsoup-1.2.1.jar;C:\Users\Ankita Rao\.m2\repository\io\rest-assured\json-path\4.3.3\json-path-4.3.3.jar;C:\Users\Ankita Rao\.m2\repository\org\codehaus\groovy\groovy-json\3.0.7\groovy-json-3.0.7.jar;C:\Users\Ankita Rao\.m2\repository\io\rest-assured\rest-assured-common\4.3.3\rest-assured-common-4.3.3.jar;C:\Users\Ankita Rao\.m2\repository\io\rest-assured\xml-path\4.3.3\xml-path-4.3.3.jar;C:\Users\Ankita Rao\.m2\repository\org\apache\commons\commons-lang3\3.11\commons-lang3-3.11.jar;C:\Users\Ankita Rao\.m2\repository\jakarta\xml\bind\jakarta.xml.bind-api\2.3.3\jakarta.xml.bind-api-2.3.3.jar;C:\Users\Ankita Rao\.m2\repository\jakarta\activation\jakarta.activation-api\1.2.2\jakarta.activation-api-1.2.2.jar;C:\Users\Ankita Rao\.m2\repository\com\sun\xml\bind\jaxb-impl\2.3.3\jaxb-impl-2.3.3.jar;C:\Users\Ankita Rao\.m2\repository\org\testng\testng\7.3.0\testng-7.3.0.jar;C:\Users\Ankita Rao\.m2\repository\com\beust\jcommander\1.78\jcommander-1.78.jar;C:\Users\Ankita Rao\.m2\repository\org\apache\ant\ant\1.10.3\ant-1.10.3.jar;C:\Users\Ankita Rao\.m2\repository\org\apache\ant\ant-launcher\1.10.3\ant-launcher-1.10.3.jar;C:\Users\Ankita Rao\.m2\repository\junit\junit\4.12\junit-4.12.jar;C:\Users\Ankita Rao\.m2\repository\org\hamcrest\hamcrest-core\1.3\hamcrest-core-1.3.jar;C:\Users\Ankita Rao\.m2\repository\com\google\inject\guice\4.2.2\guice-4.2.2-no_aop.jar;C:\Users\Ankita Rao\.m2\repository\javax\inject\javax.inject\1\javax.inject-1.jar;C:\Users\Ankita Rao\.m2\repository\aopalliance\aopalliance\1.0\aopalliance-1.0.jar;C:\Users\Ankita Rao\.m2\repository\com\google\guava\guava\25.1-android\guava-25.1-android.jar;C:\Users\Ankita Rao\.m2\repository\com\google\code\findbugs\jsr305\3.0.2\jsr305-3.0.2.jar;C:\Users\Ankita Rao\.m2\repository\org\checkerframework\checker-compat-qual\2.0.0\checker-compat-qual-2.0.0.jar;C:\Users\Ankita Rao\.m2\repository\com\google\errorprone\error_prone_annotations\2.1.3\error_prone_annotations-2.1.3.jar;C:\Users\Ankita Rao\.m2\repository\com\google\j2objc\j2objc-annotations\1.1\j2objc-annotations-1.1.jar;C:\Users\Ankita Rao\.m2\repository\org\codehaus\mojo\animal-sniffer-annotations\1.14\animal-sniffer-annotations-1.14.jar;C:\Users\Ankita Rao\.m2\repository\org\yaml\snakeyaml\1.21\snakeyaml-1.21.jar;C:\Users\Ankita Rao\.m2\repository\com\fasterxml\jackson\core\jackson-databind\2.10.0\jackson-databind-2.10.0.jar;C:\Users\Ankita Rao\.m2\repository\com\fasterxml\jackson\core\jackson-annotations\2.10.0\jackson-annotations-2.10.0.jar;C:\Users\Ankita Rao\.m2\repository\com\fasterxml\jackson\core\jackson-core\2.10.0\jackson-core-2.10.0.jar;"/>
    <property name="java.vm.vendor" value="Oracle Corporation"/>
    <property name="sun.arch.data.model" value="64"/>
    <property name="user.variant" value=""/>
    <property name="java.vendor.url" value="http://java.oracle.com/"/>
    <property name="user.timezone" value="Asia/Calcutta"/>
    <property name="java.vm.specification.version" value="1.8"/>
    <property name="os.name" value="Windows 10"/>
    <property name="user.country" value="IN"/>
    <property name="sun.java.launcher" value="SUN_STANDARD"/>
    <property name="sun.boot.library.path" value="C:\Program Files\Java\jdk1.8.0_101\jre\bin"/>
    <property name="sun.java.command" value="C:\Users\Ankita Rao\AppData\Local\Temp\surefire3591836378851744477\surefirebooter2815145446987809844.jar C:\Users\Ankita Rao\AppData\Local\Temp\surefire3591836378851744477 2021-04-19T10-47-56_396-jvmRun1 surefire2431348851325529880tmp surefire_0540874328548346196tmp"/>
    <property name="surefire.test.class.path" value="C:\Users\Ankita Rao\Desktop\ReqResTesting\target\test-classes;C:\Users\Ankita Rao\Desktop\ReqResTesting\target\classes;C:\Users\Ankita Rao\.m2\repository\io\rest-assured\rest-assured\4.3.3\rest-assured-4.3.3.jar;C:\Users\Ankita Rao\.m2\repository\org\codehaus\groovy\groovy\3.0.7\groovy-3.0.7.jar;C:\Users\Ankita Rao\.m2\repository\org\codehaus\groovy\groovy-xml\3.0.7\groovy-xml-3.0.7.jar;C:\Users\Ankita Rao\.m2\repository\org\apache\httpcomponents\httpclient\4.5.3\httpclient-4.5.3.jar;C:\Users\Ankita Rao\.m2\repository\org\apache\httpcomponents\httpcore\4.4.6\httpcore-4.4.6.jar;C:\Users\Ankita Rao\.m2\repository\commons-logging\commons-logging\1.2\commons-logging-1.2.jar;C:\Users\Ankita Rao\.m2\repository\commons-codec\commons-codec\1.9\commons-codec-1.9.jar;C:\Users\Ankita Rao\.m2\repository\org\apache\httpcomponents\httpmime\4.5.3\httpmime-4.5.3.jar;C:\Users\Ankita Rao\.m2\repository\org\hamcrest\hamcrest\2.1\hamcrest-2.1.jar;C:\Users\Ankita Rao\.m2\repository\org\ccil\cowan\tagsoup\tagsoup\1.2.1\tagsoup-1.2.1.jar;C:\Users\Ankita Rao\.m2\repository\io\rest-assured\json-path\4.3.3\json-path-4.3.3.jar;C:\Users\Ankita Rao\.m2\repository\org\codehaus\groovy\groovy-json\3.0.7\groovy-json-3.0.7.jar;C:\Users\Ankita Rao\.m2\repository\io\rest-assured\rest-assured-common\4.3.3\rest-assured-common-4.3.3.jar;C:\Users\Ankita Rao\.m2\repository\io\rest-assured\xml-path\4.3.3\xml-path-4.3.3.jar;C:\Users\Ankita Rao\.m2\repository\org\apache\commons\commons-lang3\3.11\commons-lang3-3.11.jar;C:\Users\Ankita Rao\.m2\repository\jakarta\xml\bind\jakarta.xml.bind-api\2.3.3\jakarta.xml.bind-api-2.3.3.jar;C:\Users\Ankita Rao\.m2\repository\jakarta\activation\jakarta.activation-api\1.2.2\jakarta.activation-api-1.2.2.jar;C:\Users\Ankita Rao\.m2\repository\com\sun\xml\bind\jaxb-impl\2.3.3\jaxb-impl-2.3.3.jar;C:\Users\Ankita Rao\.m2\repository\org\testng\testng\7.3.0\testng-7.3.0.jar;C:\Users\Ankita Rao\.m2\repository\com\beust\jcommander\1.78\jcommander-1.78.jar;C:\Users\Ankita Rao\.m2\repository\org\apache\ant\ant\1.10.3\ant-1.10.3.jar;C:\Users\Ankita Rao\.m2\repository\org\apache\ant\ant-launcher\1.10.3\ant-launcher-1.10.3.jar;C:\Users\Ankita Rao\.m2\repository\junit\junit\4.12\junit-4.12.jar;C:\Users\Ankita Rao\.m2\repository\org\hamcrest\hamcrest-core\1.3\hamcrest-core-1.3.jar;C:\Users\Ankita Rao\.m2\repository\com\google\inject\guice\4.2.2\guice-4.2.2-no_aop.jar;C:\Users\Ankita Rao\.m2\repository\javax\inject\javax.inject\1\javax.inject-1.jar;C:\Users\Ankita Rao\.m2\repository\aopalliance\aopalliance\1.0\aopalliance-1.0.jar;C:\Users\Ankita Rao\.m2\repository\com\google\guava\guava\25.1-android\guava-25.1-android.jar;C:\Users\Ankita Rao\.m2\repository\com\google\code\findbugs\jsr305\3.0.2\jsr305-3.0.2.jar;C:\Users\Ankita Rao\.m2\repository\org\checkerframework\checker-compat-qual\2.0.0\checker-compat-qual-2.0.0.jar;C:\Users\Ankita Rao\.m2\repository\com\google\errorprone\error_prone_annotations\2.1.3\error_prone_annotations-2.1.3.jar;C:\Users\Ankita Rao\.m2\repository\com\google\j2objc\j2objc-annotations\1.1\j2objc-annotations-1.1.jar;C:\Users\Ankita Rao\.m2\repository\org\codehaus\mojo\animal-sniffer-annotations\1.14\animal-sniffer-annotations-1.14.jar;C:\Users\Ankita Rao\.m2\repository\org\yaml\snakeyaml\1.21\snakeyaml-1.21.jar;C:\Users\Ankita Rao\.m2\repository\com\fasterxml\jackson\core\jackson-databind\2.10.0\jackson-databind-2.10.0.jar;C:\Users\Ankita Rao\.m2\repository\com\fasterxml\jackson\core\jackson-annotations\2.10.0\jackson-annotations-2.10.0.jar;C:\Users\Ankita Rao\.m2\repository\com\fasterxml\jackson\core\jackson-core\2.10.0\jackson-core-2.10.0.jar;"/>
    <property name="sun.cpu.endian" value="little"/>
    <property name="user.home" value="C:\Users\Ankita Rao"/>
    <property name="user.language" value="en"/>
    <property name="java.specification.vendor" value="Oracle Corporation"/>
    <property name="java.home" value="C:\Program Files\Java\jdk1.8.0_101\jre"/>
    <property name="basedir" value="C:\Users\Ankita Rao\Desktop\ReqResTesting"/>
    <property name="file.separator" value="\"/>
    <property name="line.separator" value="&#10;"/>
    <property name="java.vm.specification.vendor" value="Oracle Corporation"/>
    <property name="java.specification.name" value="Java Platform API Specification"/>
    <property name="java.awt.graphicsenv" value="sun.awt.Win32GraphicsEnvironment"/>
    <property name="surefire.real.class.path" value="C:\Users\Ankita Rao\AppData\Local\Temp\surefire3591836378851744477\surefirebooter2815145446987809844.jar"/>
    <property name="sun.boot.class.path" value="C:\Program Files\Java\jdk1.8.0_101\jre\lib\resources.jar;C:\Program Files\Java\jdk1.8.0_101\jre\lib\rt.jar;C:\Program Files\Java\jdk1.8.0_101\jre\lib\sunrsasign.jar;C:\Program Files\Java\jdk1.8.0_101\jre\lib\jsse.jar;C:\Program Files\Java\jdk1.8.0_101\jre\lib\jce.jar;C:\Program Files\Java\jdk1.8.0_101\jre\lib\charsets.jar;C:\Program Files\Java\jdk1.8.0_101\jre\lib\jfr.jar;C:\Program Files\Java\jdk1.8.0_101\jre\classes"/>
    <property name="user.script" value=""/>
    <property name="sun.management.compiler" value="HotSpot 64-Bit Tiered Compilers"/>
    <property name="java.runtime.version" value="1.8.0_101-b13"/>
    <property name="user.name" value="Ankita Rao"/>
    <property name="path.separator" value=";"/>
    <property name="os.version" value="10.0"/>
    <property name="java.endorsed.dirs" value="C:\Program Files\Java\jdk1.8.0_101\jre\lib\endorsed"/>
    <property name="java.runtime.name" value="Java(TM) SE Runtime Environment"/>
    <property name="file.encoding" value="Cp1252"/>
    <property name="java.vm.name" value="Java HotSpot(TM) 64-Bit Server VM"/>
    <property name="localRepository" value="C:\Users\Ankita Rao\.m2\repository"/>
    <property name="java.vendor.url.bug" value="http://bugreport.sun.com/bugreport/"/>
    <property name="java.io.tmpdir" value="C:\Users\ANKITA~1\AppData\Local\Temp\"/>
    <property name="java.version" value="1.8.0_101"/>
    <property name="user.dir" value="C:\Users\Ankita Rao\Desktop\ReqResTesting"/>
    <property name="os.arch" value="amd64"/>
    <property name="java.vm.specification.name" value="Java Virtual Machine Specification"/>
    <property name="java.awt.printerjob" value="sun.awt.windows.WPrinterJob"/>
    <property name="sun.os.patch.level" value=""/>
    <property name="java.library.path" value="C:\Program Files\Java\jdk1.8.0_101\jre\bin;C:\WINDOWS\Sun\Java\bin;C:\WINDOWS\system32;C:\WINDOWS;C:\ProgramData\Oracle\Java\javapath;C:\Program Files (x86)\Intel\iCLS Client\;C:\Program Files\Intel\iCLS Client\;C:\WINDOWS\system32;C:\WINDOWS;C:\WINDOWS\System32\Wbem;C:\WINDOWS\System32\WindowsPowerShell\v1.0\;C:\Program Files (x86)\Intel\Intel(R) Management Engine Components\DAL;C:\Program Files\Intel\Intel(R) Management Engine Components\DAL;C:\Program Files (x86)\Intel\Intel(R) Management Engine Components\IPT;C:\Program Files\Intel\Intel(R) Management Engine Components\IPT;c:\Program Files (x86)\ATI Technologies\ATI.ACE\Core-Static;C:\Program Files\Java\jdk1.8.0_101\bin;C:\Program Files\MySQL\MySQL Utilities 1.6\;C:\Program Files\Git\cmd;C:\Users\Manish Yadav\Softwares\apache-maven-3.6.3\bin;C:\WINDOWS\System32\OpenSSH\;C:\Users\Ankita Rao\AppData\Local\Programs\Python\Python36\Scripts\;C:\Users\Ankita Rao\AppData\Local\Programs\Python\Python36\;%USERPROFILE%\AppData\Local\Microsoft\WindowsApps;."/>
    <property name="java.vm.info" value="mixed mode"/>
    <property name="java.vendor" value="Oracle Corporation"/>
    <property name="java.vm.version" value="25.101-b13"/>
    <property name="java.ext.dirs" value="C:\Program Files\Java\jdk1.8.0_101\jre\lib\ext;C:\WINDOWS\Sun\Java\lib\ext"/>
    <property name="sun.io.unicode.encoding" value="UnicodeLittle"/>
    <property name="java.class.version" value="52.0"/>
  </properties>
  <testcase name="checkUserCreation[, ](1)" classname="Assignment.ReqResTesting.CreateUserTest" time="7.266">
    <failure message="expected [400] but found [201]" type="java.lang.AssertionError"><![CDATA[java.lang.AssertionError: expected [400] but found [201]
	at Assignment.ReqResTesting.CreateUserTest.checkUserCreation(CreateUserTest.java:44)
]]></failure>
    <system-out><![CDATA[HTTP/1.1 201 Created
Date: Mon, 19 Apr 2021 05:18:18 GMT
Content-Type: application/json; charset=utf-8
Content-Length: 70
Connection: keep-alive
Set-Cookie: __cfduid=dbaadcb953380ccc2e215c00ac1ab80b51618809497; expires=Wed, 19-May-21 05:18:17 GMT; path=/; domain=.reqres.in; HttpOnly; SameSite=Lax; Secure
X-Powered-By: Express
Access-Control-Allow-Origin: *
Etag: W/"46-6Rh/THb9vrkL4dZG9cAwTJwZebg"
Via: 1.1 vegur
CF-Cache-Status: DYNAMIC
cf-request-id: 098a29c1570000fbdceea8b000000001
Expect-CT: max-age=604800, report-uri="https://report-uri.cloudflare.com/cdn-cgi/beacon/expect-ct"
Report-To: {"group":"cf-nel","max_age":604800,"endpoints":[{"url":"https:\/\/a.nel.cloudflare.com\/report?s=w5%2FqsB%2Fa1YcFF03I%2BF48ZJrviDH26z2JYYcKTplCZkv1wPoHIaWpB35H6a2YZQnaB9FYS9nyN4vWnv0ehua6sILu0ilhqEAnzQM%3D"}]}
NEL: {"report_to":"cf-nel","max_age":604800}
Server: cloudflare
CF-RAY: 6423abe22f50fbdc-KIX
alt-svc: h3-27=":443"; ma=86400, h3-28=":443"; ma=86400, h3-29=":443"; ma=86400

{
    "name": "",
    "job": "",
    "id": "453",
    "createdAt": "2021-04-19T05:18:18.378Z"
}
]]></system-out>
  </testcase>
  <testcase name="checkUserCreation[, dummyjob](2)" classname="Assignment.ReqResTesting.CreateUserTest" time="4.372">
    <system-out><![CDATA[HTTP/1.1 201 Created
Date: Mon, 19 Apr 2021 05:18:21 GMT
Content-Type: application/json; charset=utf-8
Content-Length: 78
Connection: keep-alive
Set-Cookie: __cfduid=d3ecc8ea0610366a74ee613f4c023823e1618809501; expires=Wed, 19-May-21 05:18:21 GMT; path=/; domain=.reqres.in; HttpOnly; SameSite=Lax; Secure
X-Powered-By: Express
Access-Control-Allow-Origin: *
Etag: W/"4e-D5B4JBM1OLJync+z4twiwnfZWt0"
Via: 1.1 vegur
CF-Cache-Status: DYNAMIC
cf-request-id: 098a29cee70000fbe02c088000000001
Expect-CT: max-age=604800, report-uri="https://report-uri.cloudflare.com/cdn-cgi/beacon/expect-ct"
Report-To: {"max_age":604800,"endpoints":[{"url":"https:\/\/a.nel.cloudflare.com\/report?s=tAcdeisIOIP50INxaiorJiwtW4RNnphpuLLT277HRfKKFaCgYKzi2ElNjsS0KM1qlB0huCMBJ0hCr7qtIyLFEgkKNtDLMaQR%2Fsg%3D"}],"group":"cf-nel"}
NEL: {"max_age":604800,"report_to":"cf-nel"}
Server: cloudflare
CF-RAY: 6423abf7be06fbe0-KIX
alt-svc: h3-27=":443"; ma=86400, h3-28=":443"; ma=86400, h3-29=":443"; ma=86400

{
    "name": "",
    "job": "dummyjob",
    "id": "976",
    "createdAt": "2021-04-19T05:18:21.833Z"
}
]]></system-out>
  </testcase>
  <testcase name="checkUserCreation[dummyuser, ](3)" classname="Assignment.ReqResTesting.CreateUserTest" time="3.426">
    <system-out><![CDATA[HTTP/1.1 201 Created
Date: Mon, 19 Apr 2021 05:18:26 GMT
Content-Type: application/json; charset=utf-8
Content-Length: 79
Connection: keep-alive
Set-Cookie: __cfduid=d90caf61d0976490163275f071a9e6be01618809506; expires=Wed, 19-May-21 05:18:26 GMT; path=/; domain=.reqres.in; HttpOnly; SameSite=Lax; Secure
X-Powered-By: Express
Access-Control-Allow-Origin: *
Etag: W/"4f-7GhyOHKtvPEi69Rnk82+KDckXyU"
Via: 1.1 vegur
CF-Cache-Status: DYNAMIC
cf-request-id: 098a29e26900000a2006932000000001
Expect-CT: max-age=604800, report-uri="https://report-uri.cloudflare.com/cdn-cgi/beacon/expect-ct"
Report-To: {"endpoints":[{"url":"https:\/\/a.nel.cloudflare.com\/report?s=b4GBAYF2UofauY1gy6XwMCBtM1%2BIKEquJTDP%2BeYVjXg2QQajhYiekALSw8So5ONKaHASwhVr1wuaw850WOX5KnPOLi6CdrJhGyw%3D"}],"max_age":604800,"group":"cf-nel"}
NEL: {"report_to":"cf-nel","max_age":604800}
Server: cloudflare
CF-RAY: 6423ac17085e0a20-KIX
alt-svc: h3-27=":443"; ma=86400, h3-28=":443"; ma=86400, h3-29=":443"; ma=86400

{
    "name": "dummyuser",
    "job": "",
    "id": "330",
    "createdAt": "2021-04-19T05:18:26.798Z"
}
]]></system-out>
  </testcase>
  <testcase name="checkUserCreation[dummyuser, dummyjob](4)" classname="Assignment.ReqResTesting.CreateUserTest" time="4.028">
    <system-out><![CDATA[HTTP/1.1 201 Created
Date: Mon, 19 Apr 2021 05:18:30 GMT
Content-Type: application/json; charset=utf-8
Content-Length: 87
Connection: keep-alive
Set-Cookie: __cfduid=d8d27c3554f18c72c8983546381e044071618809510; expires=Wed, 19-May-21 05:18:30 GMT; path=/; domain=.reqres.in; HttpOnly; SameSite=Lax; Secure
X-Powered-By: Express
Access-Control-Allow-Origin: *
Etag: W/"57-SPIBZ305L4mYUXp++LC4daMSbCw"
Via: 1.1 vegur
CF-Cache-Status: DYNAMIC
cf-request-id: 098a29f1ec0000fcdd6c958000000001
Expect-CT: max-age=604800, report-uri="https://report-uri.cloudflare.com/cdn-cgi/beacon/expect-ct"
Report-To: {"max_age":604800,"group":"cf-nel","endpoints":[{"url":"https:\/\/a.nel.cloudflare.com\/report?s=2sV1m1MHTgrKDy4KEu2wOfpwZWcoNVVgyAHXslx3SH0IOP3QDbmlbwcykhSSrZPR%2FxrBxj5shOInL7I7u%2Bnoo0cz1vzxo18HzEI%3D"}]}
NEL: {"report_to":"cf-nel","max_age":604800}
Server: cloudflare
CF-RAY: 6423ac2fd9f0fcdd-KIX
alt-svc: h3-27=":443"; ma=86400, h3-28=":443"; ma=86400, h3-29=":443"; ma=86400

{
    "name": "dummyuser",
    "job": "dummyjob",
    "id": "291",
    "createdAt": "2021-04-19T05:18:30.781Z"
}
]]></system-out>
  </testcase>
  <testcase name="checkUserCreationWithWrongBody[, ](1)" classname="Assignment.ReqResTesting.CreateUserTest" time="3.271">
    <failure message="expected [400] but found [201]" type="java.lang.AssertionError"><![CDATA[java.lang.AssertionError: expected [400] but found [201]
	at Assignment.ReqResTesting.CreateUserTest.checkUserCreationWithWrongBody(CreateUserTest.java:70)
]]></failure>
  </testcase>
  <testcase name="checkUserCreationWithWrongBody[, dummyjob](2)" classname="Assignment.ReqResTesting.CreateUserTest" time="2.911">
    <failure message="expected [400] but found [201]" type="java.lang.AssertionError"><![CDATA[java.lang.AssertionError: expected [400] but found [201]
	at Assignment.ReqResTesting.CreateUserTest.checkUserCreationWithWrongBody(CreateUserTest.java:70)
]]></failure>
  </testcase>
  <testcase name="checkUserCreationWithWrongBody[dummyuser, ](3)" classname="Assignment.ReqResTesting.CreateUserTest" time="2.795">
    <failure message="expected [400] but found [201]" type="java.lang.AssertionError"><![CDATA[java.lang.AssertionError: expected [400] but found [201]
	at Assignment.ReqResTesting.CreateUserTest.checkUserCreationWithWrongBody(CreateUserTest.java:70)
]]></failure>
  </testcase>
  <testcase name="checkUserCreationWithWrongBody[dummyuser, dummyjob](4)" classname="Assignment.ReqResTesting.CreateUserTest" time="2.789">
    <failure message="expected [400] but found [201]" type="java.lang.AssertionError"><![CDATA[java.lang.AssertionError: expected [400] but found [201]
	at Assignment.ReqResTesting.CreateUserTest.checkUserCreationWithWrongBody(CreateUserTest.java:70)
]]></failure>
  </testcase>
  <testcase name="deleteUser" classname="Assignment.ReqResTesting.DeleteUserTest" time="2.919">
    <system-out><![CDATA[HTTP/1.1 204 No Content
Date: Mon, 19 Apr 2021 05:18:45 GMT
Content-Length: 0
Connection: keep-alive
Set-Cookie: __cfduid=dd66338cf5b843f095e5c8f13ac88ab0f1618809525; expires=Wed, 19-May-21 05:18:45 GMT; path=/; domain=.reqres.in; HttpOnly; SameSite=Lax; Secure
X-Powered-By: Express
Access-Control-Allow-Origin: *
Etag: W/"2-vyGp6PvFo4RvsFtPoIWeCReyIC8"
Via: 1.1 vegur
CF-Cache-Status: DYNAMIC
cf-request-id: 098a2a2bf50000ae5567a8a000000001
Expect-CT: max-age=604800, report-uri="https://report-uri.cloudflare.com/cdn-cgi/beacon/expect-ct"
Report-To: {"group":"cf-nel","endpoints":[{"url":"https:\/\/a.nel.cloudflare.com\/report?s=Jpp3yXMlg68%2B5U9L3KJMIJmb4r5%2BD7InyMDBMzwyuQ8uB2zdrRSWBgOXs%2B2keQZPJ9bAmq6r3AaTF7H6ZDokEaJ4sLAwgvmTMQ4%3D"}],"max_age":604800}
NEL: {"max_age":604800,"report_to":"cf-nel"}
Server: cloudflare
CF-RAY: 6423ac8cb9bbae55-KIX
alt-svc: h3-27=":443"; ma=86400, h3-28=":443"; ma=86400, h3-29=":443"; ma=86400
]]></system-out>
  </testcase>
  <testcase name="deleteUserWithWrongId" classname="Assignment.ReqResTesting.DeleteUserTest" time="2.695">
    <failure message="expected [400] but found [204]" type="java.lang.AssertionError"><![CDATA[java.lang.AssertionError: expected [400] but found [204]
	at Assignment.ReqResTesting.DeleteUserTest.deleteUserWithWrongId(DeleteUserTest.java:49)
]]></failure>
  </testcase>
  <testcase name="checkListOfusers" classname="Assignment.ReqResTesting.GetListOfUsersTest" time="7.252"/>
  <testcase name="checkListOfusersWithoutQueryParam" classname="Assignment.ReqResTesting.GetListOfUsersTest" time="5.747">
    <failure message="expected [12] but found [6]" type="java.lang.AssertionError"><![CDATA[java.lang.AssertionError: expected [12] but found [6]
	at Assignment.ReqResTesting.GetListOfUsersTest.checkListOfusersWithoutQueryParam(GetListOfUsersTest.java:87)
]]></failure>
  </testcase>
  <testcase name="checkListOfuserswithInvalidPage" classname="Assignment.ReqResTesting.GetListOfUsersTest" time="2.914">
    <failure message="expected [400] but found [200]" type="java.lang.AssertionError"><![CDATA[java.lang.AssertionError: expected [400] but found [200]
	at Assignment.ReqResTesting.GetListOfUsersTest.checkListOfuserswithInvalidPage(GetListOfUsersTest.java:67)
]]></failure>
    <system-out><![CDATA[HTTP/1.1 200 OK
Date: Mon, 19 Apr 2021 05:19:04 GMT
Content-Type: application/json; charset=utf-8
Transfer-Encoding: chunked
Connection: keep-alive
Set-Cookie: __cfduid=d31cc995e7dd74ed9932b2e5c81c559131618809544; expires=Wed, 19-May-21 05:19:04 GMT; path=/; domain=.reqres.in; HttpOnly; SameSite=Lax; Secure
X-Powered-By: Express
Access-Control-Allow-Origin: *
Etag: W/"3e4-2RLXvr5wTg9YQ6aH95CkYoFNuO8"
Via: 1.1 vegur
Cache-Control: max-age=14400
CF-Cache-Status: HIT
Age: 2457
cf-request-id: 098a2a75d60000fbdcfd204000000001
Expect-CT: max-age=604800, report-uri="https://report-uri.cloudflare.com/cdn-cgi/beacon/expect-ct"
Report-To: {"group":"cf-nel","max_age":604800,"endpoints":[{"url":"https:\/\/a.nel.cloudflare.com\/report?s=MeRaIGt0RkH40RyYVjJOQE3LlYsI9XqOhV7IM13ymOygZ2kqPtJGaDdOE36JsdQp6IKLh5TarDuKGmZOSESqyUNZ21Ejg7gQIRM%3D"}]}
NEL: {"report_to":"cf-nel","max_age":604800}
Vary: Accept-Encoding
Server: cloudflare
CF-RAY: 6423ad02fe7efbdc-KIX
Content-Encoding: gzip
alt-svc: h3-27=":443"; ma=86400, h3-28=":443"; ma=86400, h3-29=":443"; ma=86400

{
    "page": 1,
    "per_page": 6,
    "total": 12,
    "total_pages": 2,
    "data": [
        {
            "id": 1,
            "email": "george.bluth@reqres.in",
            "first_name": "George",
            "last_name": "Bluth",
            "avatar": "https://reqres.in/img/faces/1-image.jpg"
        },
        {
            "id": 2,
            "email": "janet.weaver@reqres.in",
            "first_name": "Janet",
            "last_name": "Weaver",
            "avatar": "https://reqres.in/img/faces/2-image.jpg"
        },
        {
            "id": 3,
            "email": "emma.wong@reqres.in",
            "first_name": "Emma",
            "last_name": "Wong",
            "avatar": "https://reqres.in/img/faces/3-image.jpg"
        },
        {
            "id": 4,
            "email": "eve.holt@reqres.in",
            "first_name": "Eve",
            "last_name": "Holt",
            "avatar": "https://reqres.in/img/faces/4-image.jpg"
        },
        {
            "id": 5,
            "email": "charles.morris@reqres.in",
            "first_name": "Charles",
            "last_name": "Morris",
            "avatar": "https://reqres.in/img/faces/5-image.jpg"
        },
        {
            "id": 6,
            "email": "tracey.ramos@reqres.in",
            "first_name": "Tracey",
            "last_name": "Ramos",
            "avatar": "https://reqres.in/img/faces/6-image.jpg"
        }
    ],
    "support": {
        "url": "https://reqres.in/#support-heading",
        "text": "To keep ReqRes free, contributions towards server costs are appreciated!"
    }
}
]]></system-out>
  </testcase>
  <testcase name="loginCheckForRegisteredUser[, ](1)" classname="Assignment.ReqResTesting.LoginTest" time="2.701">
    <system-out><![CDATA[HTTP/1.1 400 Bad Request
Date: Mon, 19 Apr 2021 05:19:07 GMT
Content-Type: application/json; charset=utf-8
Content-Length: 37
Connection: keep-alive
Set-Cookie: __cfduid=d856a96c4f84088d3b01c7323bedc487e1618809546; expires=Wed, 19-May-21 05:19:06 GMT; path=/; domain=.reqres.in; HttpOnly; SameSite=Lax; Secure
X-Powered-By: Express
Access-Control-Allow-Origin: *
Etag: W/"25-Ik70kof1lbc973ShN5FoVPxYn7A"
Via: 1.1 vegur
CF-Cache-Status: DYNAMIC
cf-request-id: 098a2a7f1900000a48df126000000001
Expect-CT: max-age=604800, report-uri="https://report-uri.cloudflare.com/cdn-cgi/beacon/expect-ct"
Report-To: {"endpoints":[{"url":"https:\/\/a.nel.cloudflare.com\/report?s=tg9JMPwR%2BKLlSS5NRpezcKy1OCOFK2q67TcHCoMrncaVRpvkDStT4xvESvyo4tHEBEbd9S3KfJw850MdVCa%2Fd5ZPorxWXzezptg%3D"}],"max_age":604800,"group":"cf-nel"}
NEL: {"report_to":"cf-nel","max_age":604800}
Server: cloudflare
CF-RAY: 6423ad11cff30a48-KIX
alt-svc: h3-27=":443"; ma=86400, h3-28=":443"; ma=86400, h3-29=":443"; ma=86400

{
    "error": "Missing email or username"
}
]]></system-out>
  </testcase>
  <testcase name="loginCheckForRegisteredUser[, pistol](2)" classname="Assignment.ReqResTesting.LoginTest" time="2.98">
    <system-out><![CDATA[HTTP/1.1 400 Bad Request
Date: Mon, 19 Apr 2021 05:19:09 GMT
Content-Type: application/json; charset=utf-8
Content-Length: 37
Connection: keep-alive
Set-Cookie: __cfduid=dd231e4ec631ab8cdf96414c38ce05a2a1618809549; expires=Wed, 19-May-21 05:19:09 GMT; path=/; domain=.reqres.in; HttpOnly; SameSite=Lax; Secure
X-Powered-By: Express
Access-Control-Allow-Origin: *
Etag: W/"25-Ik70kof1lbc973ShN5FoVPxYn7A"
Via: 1.1 vegur
CF-Cache-Status: DYNAMIC
cf-request-id: 098a2a8ac000000a68f3357000000001
Expect-CT: max-age=604800, report-uri="https://report-uri.cloudflare.com/cdn-cgi/beacon/expect-ct"
Report-To: {"max_age":604800,"endpoints":[{"url":"https:\/\/a.nel.cloudflare.com\/report?s=TyuJCb42llfWcdpE18xfWT4cbv%2F1XHLUZIN%2BQ9LXbRae2EBbcyTJMlhk%2BL%2F1Tz2rop7sitqywTDs6DFNfXJ91PU0ifgN48vykt8%3D"}],"group":"cf-nel"}
NEL: {"report_to":"cf-nel","max_age":604800}
Server: cloudflare
CF-RAY: 6423ad246a0e0a68-KIX
alt-svc: h3-27=":443"; ma=86400, h3-28=":443"; ma=86400, h3-29=":443"; ma=86400

{
    "error": "Missing email or username"
}
]]></system-out>
  </testcase>
  <testcase name="loginCheckForRegisteredUser[eve.holt@reqres.in, ](3)" classname="Assignment.ReqResTesting.LoginTest" time="2.82">
    <system-out><![CDATA[HTTP/1.1 400 Bad Request
Date: Mon, 19 Apr 2021 05:19:12 GMT
Content-Type: application/json; charset=utf-8
Content-Length: 28
Connection: keep-alive
Set-Cookie: __cfduid=d2823fc1c76c1d9dd0a8e7032592981dd1618809552; expires=Wed, 19-May-21 05:19:12 GMT; path=/; domain=.reqres.in; HttpOnly; SameSite=Lax; Secure
X-Powered-By: Express
Access-Control-Allow-Origin: *
Etag: W/"1c-NmpazMScs9tOqR7eDEesn+pqC9Q"
Via: 1.1 vegur
CF-Cache-Status: DYNAMIC
cf-request-id: 098a2a95e700000a68fd9a6000000001
Expect-CT: max-age=604800, report-uri="https://report-uri.cloudflare.com/cdn-cgi/beacon/expect-ct"
Report-To: {"max_age":604800,"endpoints":[{"url":"https:\/\/a.nel.cloudflare.com\/report?s=F7gSWPJXLGAHGHIKeo5L9BFQYiBTAHStQJ8x0M2LmERIq826txLwi5L5WzkSYzNa4h9HgP9FCSLd4z3AeY0VPxMkLMze6Dfou6U%3D"}],"group":"cf-nel"}
NEL: {"report_to":"cf-nel","max_age":604800}
Server: cloudflare
CF-RAY: 6423ad363e280a68-KIX
alt-svc: h3-27=":443"; ma=86400, h3-28=":443"; ma=86400, h3-29=":443"; ma=86400

{
    "error": "Missing password"
}
]]></system-out>
  </testcase>
  <testcase name="loginCheckForRegisteredUser[eve.holt@reqres.in, pistol](4)" classname="Assignment.ReqResTesting.LoginTest" time="2.845">
    <system-out><![CDATA[HTTP/1.1 200 OK
Date: Mon, 19 Apr 2021 05:19:15 GMT
Content-Type: application/json; charset=utf-8
Content-Length: 29
Connection: keep-alive
Set-Cookie: __cfduid=d8d986f5eb9972e03a0c9ac592a31d8c81618809555; expires=Wed, 19-May-21 05:19:15 GMT; path=/; domain=.reqres.in; HttpOnly; SameSite=Lax; Secure
X-Powered-By: Express
Access-Control-Allow-Origin: *
Etag: W/"1d-lGCrvD6B7Qzk11+2C98+nGhhuec"
Via: 1.1 vegur
CF-Cache-Status: DYNAMIC
cf-request-id: 098a2aa0dd0000fbd0e4a72000000001
Expect-CT: max-age=604800, report-uri="https://report-uri.cloudflare.com/cdn-cgi/beacon/expect-ct"
Report-To: {"group":"cf-nel","endpoints":[{"url":"https:\/\/a.nel.cloudflare.com\/report?s=30lTqvBJR%2BjDHxDqG7K7AQNiAWjjAXz0dBiZqHFop5qoA%2F1UHGKvF%2FjZFNtYXYERZyqd9M98%2B6%2B%2Fw77Izhx3x1gZuqrcCVI8i9Y%3D"}],"max_age":604800}
NEL: {"report_to":"cf-nel","max_age":604800}
Server: cloudflare
CF-RAY: 6423ad47ca0dfbd0-KIX
alt-svc: h3-27=":443"; ma=86400, h3-28=":443"; ma=86400, h3-29=":443"; ma=86400

{
    "token": "QpwL5tke4Pnpja7X4"
}
]]></system-out>
  </testcase>
  <testcase name="loginCheckForUnRegisteredUser" classname="Assignment.ReqResTesting.LoginTest" time="2.739"/>
  <testcase name="loginCheckWithWrongHttpMethod" classname="Assignment.ReqResTesting.LoginTest" time="2.455">
    <failure message="expected [405] but found [200]" type="java.lang.AssertionError"><![CDATA[java.lang.AssertionError: expected [405] but found [200]
	at Assignment.ReqResTesting.LoginTest.loginCheckWithWrongHttpMethod(LoginTest.java:86)
]]></failure>
  </testcase>
  <testcase name="loginCheckWithWrongPassword" classname="Assignment.ReqResTesting.LoginTest" time="3.719">
    <failure message="expected [401] but found [200]" type="java.lang.AssertionError"><![CDATA[java.lang.AssertionError: expected [401] but found [200]
	at Assignment.ReqResTesting.LoginTest.loginCheckWithWrongPassword(LoginTest.java:73)
]]></failure>
  </testcase>
  <testcase name="loginCheckWithWrongHttpMethod" classname="Assignment.ReqResTesting.RegisterTest" time="2.309">
    <failure message="expected [405] but found [200]" type="java.lang.AssertionError"><![CDATA[java.lang.AssertionError: expected [405] but found [200]
	at Assignment.ReqResTesting.RegisterTest.loginCheckWithWrongHttpMethod(RegisterTest.java:69)
]]></failure>
  </testcase>
  <testcase name="m1[, ](1)" classname="Assignment.ReqResTesting.RegisterTest" time="2.912">
    <system-out><![CDATA[HTTP/1.1 400 Bad Request
Date: Mon, 19 Apr 2021 05:19:29 GMT
Content-Type: application/json; charset=utf-8
Content-Length: 37
Connection: keep-alive
Set-Cookie: __cfduid=da7c51bdd14c22931699f4392582a33921618809569; expires=Wed, 19-May-21 05:19:29 GMT; path=/; domain=.reqres.in; HttpOnly; SameSite=Lax; Secure
X-Powered-By: Express
Access-Control-Allow-Origin: *
Etag: W/"25-Ik70kof1lbc973ShN5FoVPxYn7A"
Via: 1.1 vegur
CF-Cache-Status: DYNAMIC
cf-request-id: 098a2ad8310000db0436bb7000000001
Expect-CT: max-age=604800, report-uri="https://report-uri.cloudflare.com/cdn-cgi/beacon/expect-ct"
Report-To: {"group":"cf-nel","endpoints":[{"url":"https:\/\/a.nel.cloudflare.com\/report?s=keh3%2BKwFo6HVkhG7jDqAghSzjkDc529aamGeBv7DFJh9HlKk7t490YhoLCDrHSEwBqPUrGyhXQzKhXbcfLZvX1LV0rpcgKRYtsk%3D"}],"max_age":604800}
NEL: {"max_age":604800,"report_to":"cf-nel"}
Server: cloudflare
CF-RAY: 6423ada04af7db04-KIX
alt-svc: h3-27=":443"; ma=86400, h3-28=":443"; ma=86400, h3-29=":443"; ma=86400

{
    "error": "Missing email or username"
}
]]></system-out>
  </testcase>
  <testcase name="m1[, pistol](2)" classname="Assignment.ReqResTesting.RegisterTest" time="2.804">
    <system-out><![CDATA[HTTP/1.1 400 Bad Request
Date: Mon, 19 Apr 2021 05:19:32 GMT
Content-Type: application/json; charset=utf-8
Content-Length: 37
Connection: keep-alive
Set-Cookie: __cfduid=d285320e250d76cac02159e074deb155b1618809572; expires=Wed, 19-May-21 05:19:32 GMT; path=/; domain=.reqres.in; HttpOnly; SameSite=Lax; Secure
X-Powered-By: Express
Access-Control-Allow-Origin: *
Etag: W/"25-Ik70kof1lbc973ShN5FoVPxYn7A"
Via: 1.1 vegur
CF-Cache-Status: DYNAMIC
cf-request-id: 098a2ae3140000fcd5aa872000000001
Expect-CT: max-age=604800, report-uri="https://report-uri.cloudflare.com/cdn-cgi/beacon/expect-ct"
Report-To: {"group":"cf-nel","endpoints":[{"url":"https:\/\/a.nel.cloudflare.com\/report?s=NoEcCpzgIAh1U8%2BBe4NkaK4FCuOLHchM7eomki3Yh2kWXdQ74G2cKbsKcusW0B8WAUcZ8nFlFKyOY7Q4IHZd2ULkVJ3Rn7kXho0%3D"}],"max_age":604800}
NEL: {"max_age":604800,"report_to":"cf-nel"}
Server: cloudflare
CF-RAY: 6423adb1be12fcd5-KIX
alt-svc: h3-27=":443"; ma=86400, h3-28=":443"; ma=86400, h3-29=":443"; ma=86400

{
    "error": "Missing email or username"
}
]]></system-out>
  </testcase>
  <testcase name="m1[eve.holt@reqres.in, ](3)" classname="Assignment.ReqResTesting.RegisterTest" time="2.972">
    <system-out><![CDATA[HTTP/1.1 400 Bad Request
Date: Mon, 19 Apr 2021 05:19:35 GMT
Content-Type: application/json; charset=utf-8
Content-Length: 28
Connection: keep-alive
Set-Cookie: __cfduid=d2e5be13f6191d6439357254ff3fe3da41618809575; expires=Wed, 19-May-21 05:19:35 GMT; path=/; domain=.reqres.in; HttpOnly; SameSite=Lax; Secure
X-Powered-By: Express
Access-Control-Allow-Origin: *
Etag: W/"1c-NmpazMScs9tOqR7eDEesn+pqC9Q"
Via: 1.1 vegur
CF-Cache-Status: DYNAMIC
cf-request-id: 098a2aeeae00000a6069240000000001
Expect-CT: max-age=604800, report-uri="https://report-uri.cloudflare.com/cdn-cgi/beacon/expect-ct"
Report-To: {"group":"cf-nel","endpoints":[{"url":"https:\/\/a.nel.cloudflare.com\/report?s=icXaSeRwRktHIdR%2FIxnVwy%2FwLwTjj6jWi9k9b0pLqisNi4pduKeqmeUYbRK0OCXx7w4uZ45Ikx59NJx5zojB4xhogYmt%2FQje7z0%3D"}],"max_age":604800}
NEL: {"max_age":604800,"report_to":"cf-nel"}
Server: cloudflare
CF-RAY: 6423adc44bc20a60-KIX
alt-svc: h3-27=":443"; ma=86400, h3-28=":443"; ma=86400, h3-29=":443"; ma=86400

{
    "error": "Missing password"
}
]]></system-out>
  </testcase>
  <testcase name="m1[eve.holt@reqres.in, pistol](4)" classname="Assignment.ReqResTesting.RegisterTest" time="2.784">
    <system-out><![CDATA[HTTP/1.1 200 OK
Date: Mon, 19 Apr 2021 05:19:38 GMT
Content-Type: application/json; charset=utf-8
Content-Length: 36
Connection: keep-alive
Set-Cookie: __cfduid=ddc2799b95c9e9044f7fd5c47ac798cb31618809577; expires=Wed, 19-May-21 05:19:37 GMT; path=/; domain=.reqres.in; HttpOnly; SameSite=Lax; Secure
X-Powered-By: Express
Access-Control-Allow-Origin: *
Etag: W/"24-4iP0za1geN2he+ohu8F0FhCjLks"
Via: 1.1 vegur
CF-Cache-Status: DYNAMIC
cf-request-id: 098a2af9a50000fcf177108000000001
Expect-CT: max-age=604800, report-uri="https://report-uri.cloudflare.com/cdn-cgi/beacon/expect-ct"
Report-To: {"group":"cf-nel","endpoints":[{"url":"https:\/\/a.nel.cloudflare.com\/report?s=dEjHxCCGjpQgiy6BGPLKs4%2FhyaxePoYqEwuGyTnuiAQzJn9LHXhJbV%2B9b6cq%2FOIoYgxQIU%2BM6AE5M695q1aoTprBqV3Ik9u5KKI%3D"}],"max_age":604800}
NEL: {"max_age":604800,"report_to":"cf-nel"}
Server: cloudflare
CF-RAY: 6423add5db80fcf1-KIX
alt-svc: h3-27=":443"; ma=86400, h3-28=":443"; ma=86400, h3-29=":443"; ma=86400

{
    "id": 4,
    "token": "QpwL5tke4Pnpja7X4"
}
]]></system-out>
  </testcase>
</testsuite>